<?xml version="1.0" encoding="UTF-8"?>
<!-- Generated by org.testng.reporters.JUnitReportReporter -->
<testsuite hostname="WIN-123TU905EMB" name="com.paxotech.qa.scripts.HeatclinicTestScript" tests="1" failures="0" timestamp="10 Jul 2015 22:45:31 GMT" time="10.985" errors="0">
  <testcase name="test" time="10.985" classname="com.paxotech.qa.scripts.HeatclinicTestScript"/>
</testsuite> <!-- com.paxotech.qa.scripts.HeatclinicTestScript -->
